<?xml version="1.0" encoding="UTF-8"?>
<testsuite name="GuessAnimalTest" tests="1" skipped="0" failures="0" errors="0" timestamp="2021-03-15T04:02:56" hostname="Reds-MBP" time="4.969">
  <properties/>
  <testcase name="start" classname="GuessAnimalTest" time="4.969"/>
  <system-out><![CDATA[?[1;31m
Start test 1?[0m
Scenario 'the-first-question' is started.

Hi, night owl!

I want to learn about animals.
Which animal do you like most?
> cat
Wonderful! I've learned so much about animals!
Let's play a game!
You think of an animal, and I guess it.
Press enter when you're ready.
> 
Is it a cat?
Hi, night owl!

I want to learn about animals.
Which animal do you like most?
> DOG
Wonderful! I've learned so much about animals!
Let's play a game!
You think of an animal, and I guess it.
Press enter when you're ready.
> 
Is it a dog?
Hi, night owl!

I want to learn about animals.
Which animal do you like most?
> hare
Wonderful! I've learned so much about animals!
Let's play a game!
You think of an animal, and I guess it.
Press enter when you're ready.
> 
Is it a hare?
Hi, night owl!

I want to learn about animals.
Which animal do you like most?
> WOLF
Wonderful! I've learned so much about animals!
Let's play a game!
You think of an animal, and I guess it.
Press enter when you're ready.
> 
Is it a wolf?
Hi, night owl!

I want to learn about animals.
Which animal do you like most?
> uniCorn
Wonderful! I've learned so much about animals!
Let's play a game!
You think of an animal, and I guess it.
Press enter when you're ready.
> 
Is it an unicorn?
Hi, night owl!

I want to learn about animals.
Which animal do you like most?
> uniCorn
Wonderful! I've learned so much about animals!
Let's play a game!
You think of an animal, and I guess it.
Press enter when you're ready.
> 
Is it an unicorn?
Hi, night owl!

I want to learn about animals.
Which animal do you like most?
> A Unicorn
Wonderful! I've learned so much about animals!
Let's play a game!
You think of an animal, and I guess it.
Press enter when you're ready.
> 
Is it a unicorn?
Hi, night owl!

I want to learn about animals.
Which animal do you like most?
> APE
Wonderful! I've learned so much about animals!
Let's play a game!
You think of an animal, and I guess it.
Press enter when you're ready.
> 
Is it an ape?
Hi, night owl!

I want to learn about animals.
Which animal do you like most?
> uniCorn
Wonderful! I've learned so much about animals!
Let's play a game!
You think of an animal, and I guess it.
Press enter when you're ready.
> 
Is it an unicorn?
Hi, night owl!

I want to learn about animals.
Which animal do you like most?
> uniCorn
Wonderful! I've learned so much about animals!
Let's play a game!
You think of an animal, and I guess it.
Press enter when you're ready.
> 
Is it an unicorn?
Hi, night owl!

I want to learn about animals.
Which animal do you like most?
> linX
Wonderful! I've learned so much about animals!
Let's play a game!
You think of an animal, and I guess it.
Press enter when you're ready.
> 
Is it a linx?
?[1;31m
Start test 2?[0m
Scenario 'positive-answers' is started.

Hi, night owl!

I want to learn about animals.
Which animal do you like most?
> cat
Wonderful! I've learned so much about animals!
Let's play a game!
You think of an animal, and I guess it.
Press enter when you're ready.
> 
Is it a cat?
> y
I won!

Would you like to play again?
Hi, night owl!

I want to learn about animals.
Which animal do you like most?
> cat
Wonderful! I've learned so much about animals!
Let's play a game!
You think of an animal, and I guess it.
Press enter when you're ready.
> 
Is it a cat?
> Y
I won!

Would you like to play again?
Hi, night owl!

I want to learn about animals.
Which animal do you like most?
> cat
Wonderful! I've learned so much about animals!
Let's play a game!
You think of an animal, and I guess it.
Press enter when you're ready.
> 
Is it a cat?
> y.
I won!

Would you like to play again?
Hi, night owl!

I want to learn about animals.
Which animal do you like most?
> cat
Wonderful! I've learned so much about animals!
Let's play a game!
You think of an animal, and I guess it.
Press enter when you're ready.
> 
Is it a cat?
> Y.
I won!

Would you like to play again?
Hi, night owl!

I want to learn about animals.
Which animal do you like most?
> cat
Wonderful! I've learned so much about animals!
Let's play a game!
You think of an animal, and I guess it.
Press enter when you're ready.
> 
Is it a cat?
> y!
I won!

Would you like to play again?
Hi, night owl!

I want to learn about animals.
Which animal do you like most?
> cat
Wonderful! I've learned so much about animals!
Let's play a game!
You think of an animal, and I guess it.
Press enter when you're ready.
> 
Is it a cat?
> Y!
I won!

Would you like to play again?
Hi, night owl!

I want to learn about animals.
Which animal do you like most?
> cat
Wonderful! I've learned so much about animals!
Let's play a game!
You think of an animal, and I guess it.
Press enter when you're ready.
> 
Is it a cat?
>    Yes
I won!

Would you like to play again?
Hi, night owl!

I want to learn about animals.
Which animal do you like most?
> cat
Wonderful! I've learned so much about animals!
Let's play a game!
You think of an animal, and I guess it.
Press enter when you're ready.
> 
Is it a cat?
> Yes   
I won!

Would you like to play again?
Hi, night owl!

I want to learn about animals.
Which animal do you like most?
> cat
Wonderful! I've learned so much about animals!
Let's play a game!
You think of an animal, and I guess it.
Press enter when you're ready.
> 
Is it a cat?
> yes
I won!

Would you like to play again?
Hi, night owl!

I want to learn about animals.
Which animal do you like most?
> cat
Wonderful! I've learned so much about animals!
Let's play a game!
You think of an animal, and I guess it.
Press enter when you're ready.
> 
Is it a cat?
> Yes
I won!

Would you like to play again?
Hi, night owl!

I want to learn about animals.
Which animal do you like most?
> cat
Wonderful! I've learned so much about animals!
Let's play a game!
You think of an animal, and I guess it.
Press enter when you're ready.
> 
Is it a cat?
> YES
I won!

Would you like to play again?
Hi, night owl!

I want to learn about animals.
Which animal do you like most?
> cat
Wonderful! I've learned so much about animals!
Let's play a game!
You think of an animal, and I guess it.
Press enter when you're ready.
> 
Is it a cat?
> yes.
I won!

Would you like to play again?
Hi, night owl!

I want to learn about animals.
Which animal do you like most?
> cat
Wonderful! I've learned so much about animals!
Let's play a game!
You think of an animal, and I guess it.
Press enter when you're ready.
> 
Is it a cat?
> Yes!
I won!

Would you like to play again?
Hi, night owl!

I want to learn about animals.
Which animal do you like most?
> cat
Wonderful! I've learned so much about animals!
Let's play a game!
You think of an animal, and I guess it.
Press enter when you're ready.
> 
Is it a cat?
> YES!
I won!

Would you like to play again?
Hi, night owl!

I want to learn about animals.
Which animal do you like most?
> cat
Wonderful! I've learned so much about animals!
Let's play a game!
You think of an animal, and I guess it.
Press enter when you're ready.
> 
Is it a cat?
> yES!
I won!

Would you like to play again?
Hi, night owl!

I want to learn about animals.
Which animal do you like most?
> cat
Wonderful! I've learned so much about animals!
Let's play a game!
You think of an animal, and I guess it.
Press enter when you're ready.
> 
Is it a cat?
> YeS
I won!

Would you like to play again?
Hi, night owl!

I want to learn about animals.
Which animal do you like most?
> cat
Wonderful! I've learned so much about animals!
Let's play a game!
You think of an animal, and I guess it.
Press enter when you're ready.
> 
Is it a cat?
> Yeah
I won!

Would you like to play again?
Hi, night owl!

I want to learn about animals.
Which animal do you like most?
> cat
Wonderful! I've learned so much about animals!
Let's play a game!
You think of an animal, and I guess it.
Press enter when you're ready.
> 
Is it a cat?
> yeah
I won!

Would you like to play again?
Hi, night owl!

I want to learn about animals.
Which animal do you like most?
> cat
Wonderful! I've learned so much about animals!
Let's play a game!
You think of an animal, and I guess it.
Press enter when you're ready.
> 
Is it a cat?
> Yeah!
I won!

Would you like to play again?
Hi, night owl!

I want to learn about animals.
Which animal do you like most?
> cat
Wonderful! I've learned so much about animals!
Let's play a game!
You think of an animal, and I guess it.
Press enter when you're ready.
> 
Is it a cat?
> YeAh.
I won!

Would you like to play again?
Hi, night owl!

I want to learn about animals.
Which animal do you like most?
> cat
Wonderful! I've learned so much about animals!
Let's play a game!
You think of an animal, and I guess it.
Press enter when you're ready.
> 
Is it a cat?
> YEAH
I won!

Would you like to play again?
Hi, night owl!

I want to learn about animals.
Which animal do you like most?
> cat
Wonderful! I've learned so much about animals!
Let's play a game!
You think of an animal, and I guess it.
Press enter when you're ready.
> 
Is it a cat?
> yep
I won!

Would you like to play again?
Hi, night owl!

I want to learn about animals.
Which animal do you like most?
> cat
Wonderful! I've learned so much about animals!
Let's play a game!
You think of an animal, and I guess it.
Press enter when you're ready.
> 
Is it a cat?
> yEp
I won!

Would you like to play again?
Hi, night owl!

I want to learn about animals.
Which animal do you like most?
> cat
Wonderful! I've learned so much about animals!
Let's play a game!
You think of an animal, and I guess it.
Press enter when you're ready.
> 
Is it a cat?
> Yep!
I won!

Would you like to play again?
Hi, night owl!

I want to learn about animals.
Which animal do you like most?
> cat
Wonderful! I've learned so much about animals!
Let's play a game!
You think of an animal, and I guess it.
Press enter when you're ready.
> 
Is it a cat?
> YEP.
I won!

Would you like to play again?
Hi, night owl!

I want to learn about animals.
Which animal do you like most?
> cat
Wonderful! I've learned so much about animals!
Let's play a game!
You think of an animal, and I guess it.
Press enter when you're ready.
> 
Is it a cat?
> sure
I won!

Would you like to play again?
Hi, night owl!

I want to learn about animals.
Which animal do you like most?
> cat
Wonderful! I've learned so much about animals!
Let's play a game!
You think of an animal, and I guess it.
Press enter when you're ready.
> 
Is it a cat?
> Sure!
I won!

Would you like to play again?
Hi, night owl!

I want to learn about animals.
Which animal do you like most?
> cat
Wonderful! I've learned so much about animals!
Let's play a game!
You think of an animal, and I guess it.
Press enter when you're ready.
> 
Is it a cat?
> SURE!
I won!

Would you like to play again?
Hi, night owl!

I want to learn about animals.
Which animal do you like most?
> cat
Wonderful! I've learned so much about animals!
Let's play a game!
You think of an animal, and I guess it.
Press enter when you're ready.
> 
Is it a cat?
> surE.
I won!

Would you like to play again?
Hi, night owl!

I want to learn about animals.
Which animal do you like most?
> cat
Wonderful! I've learned so much about animals!
Let's play a game!
You think of an animal, and I guess it.
Press enter when you're ready.
> 
Is it a cat?
> right
I won!

Would you like to play again?
Hi, night owl!

I want to learn about animals.
Which animal do you like most?
> cat
Wonderful! I've learned so much about animals!
Let's play a game!
You think of an animal, and I guess it.
Press enter when you're ready.
> 
Is it a cat?
> Right.
I won!

Would you like to play again?
Hi, night owl!

I want to learn about animals.
Which animal do you like most?
> cat
Wonderful! I've learned so much about animals!
Let's play a game!
You think of an animal, and I guess it.
Press enter when you're ready.
> 
Is it a cat?
> Right!
I won!

Would you like to play again?
Hi, night owl!

I want to learn about animals.
Which animal do you like most?
> cat
Wonderful! I've learned so much about animals!
Let's play a game!
You think of an animal, and I guess it.
Press enter when you're ready.
> 
Is it a cat?
> affirmative
I won!

Would you like to play again?
Hi, night owl!

I want to learn about animals.
Which animal do you like most?
> cat
Wonderful! I've learned so much about animals!
Let's play a game!
You think of an animal, and I guess it.
Press enter when you're ready.
> 
Is it a cat?
> Affirmative!
I won!

Would you like to play again?
Hi, night owl!

I want to learn about animals.
Which animal do you like most?
> cat
Wonderful! I've learned so much about animals!
Let's play a game!
You think of an animal, and I guess it.
Press enter when you're ready.
> 
Is it a cat?
> correct
I won!

Would you like to play again?
Hi, night owl!

I want to learn about animals.
Which animal do you like most?
> cat
Wonderful! I've learned so much about animals!
Let's play a game!
You think of an animal, and I guess it.
Press enter when you're ready.
> 
Is it a cat?
> correct.
I won!

Would you like to play again?
Hi, night owl!

I want to learn about animals.
Which animal do you like most?
> cat
Wonderful! I've learned so much about animals!
Let's play a game!
You think of an animal, and I guess it.
Press enter when you're ready.
> 
Is it a cat?
> indeed
I won!

Would you like to play again?
Hi, night owl!

I want to learn about animals.
Which animal do you like most?
> cat
Wonderful! I've learned so much about animals!
Let's play a game!
You think of an animal, and I guess it.
Press enter when you're ready.
> 
Is it a cat?
> you bet
I won!

Would you like to play again?
Hi, night owl!

I want to learn about animals.
Which animal do you like most?
> cat
Wonderful! I've learned so much about animals!
Let's play a game!
You think of an animal, and I guess it.
Press enter when you're ready.
> 
Is it a cat?
> exactly
I won!

Would you like to play again?
Hi, night owl!

I want to learn about animals.
Which animal do you like most?
> cat
Wonderful! I've learned so much about animals!
Let's play a game!
You think of an animal, and I guess it.
Press enter when you're ready.
> 
Is it a cat?
> you said it.
I won!

Would you like to play again?
Hi, night owl!

I want to learn about animals.
Which animal do you like most?
> cat
Wonderful! I've learned so much about animals!
Let's play a game!
You think of an animal, and I guess it.
Press enter when you're ready.
> 
Is it a cat?
> you said it!
I won!

Would you like to play again?
Hi, night owl!

I want to learn about animals.
Which animal do you like most?
> cat
Wonderful! I've learned so much about animals!
Let's play a game!
You think of an animal, and I guess it.
Press enter when you're ready.
> 
Is it a cat?
> you said it
I won!

Would you like to play again?
?[1;31m
Start test 3?[0m
Scenario 'negative-answers' is started.

Hi, night owl!

I want to learn about animals.
Which animal do you like most?
> cat
Wonderful! I've learned so much about animals!
Let's play a game!
You think of an animal, and I guess it.
Press enter when you're ready.
> 
Is it a cat?
> n
I give up. What animal do you have in mind?
Hi, night owl!

I want to learn about animals.
Which animal do you like most?
> cat
Wonderful! I've learned so much about animals!
Let's play a game!
You think of an animal, and I guess it.
Press enter when you're ready.
> 
Is it a cat?
> N
I give up. What animal do you have in mind?
Hi, night owl!

I want to learn about animals.
Which animal do you like most?
> cat
Wonderful! I've learned so much about animals!
Let's play a game!
You think of an animal, and I guess it.
Press enter when you're ready.
> 
Is it a cat?
> n.
I give up. What animal do you have in mind?
Hi, night owl!

I want to learn about animals.
Which animal do you like most?
> cat
Wonderful! I've learned so much about animals!
Let's play a game!
You think of an animal, and I guess it.
Press enter when you're ready.
> 
Is it a cat?
> N.
I give up. What animal do you have in mind?
Hi, night owl!

I want to learn about animals.
Which animal do you like most?
> cat
Wonderful! I've learned so much about animals!
Let's play a game!
You think of an animal, and I guess it.
Press enter when you're ready.
> 
Is it a cat?
> n!
I give up. What animal do you have in mind?
Hi, night owl!

I want to learn about animals.
Which animal do you like most?
> cat
Wonderful! I've learned so much about animals!
Let's play a game!
You think of an animal, and I guess it.
Press enter when you're ready.
> 
Is it a cat?
> N!
I give up. What animal do you have in mind?
Hi, night owl!

I want to learn about animals.
Which animal do you like most?
> cat
Wonderful! I've learned so much about animals!
Let's play a game!
You think of an animal, and I guess it.
Press enter when you're ready.
> 
Is it a cat?
>    No
I give up. What animal do you have in mind?
Hi, night owl!

I want to learn about animals.
Which animal do you like most?
> cat
Wonderful! I've learned so much about animals!
Let's play a game!
You think of an animal, and I guess it.
Press enter when you're ready.
> 
Is it a cat?
> No   
I give up. What animal do you have in mind?
Hi, night owl!

I want to learn about animals.
Which animal do you like most?
> cat
Wonderful! I've learned so much about animals!
Let's play a game!
You think of an animal, and I guess it.
Press enter when you're ready.
> 
Is it a cat?
> no
I give up. What animal do you have in mind?
Hi, night owl!

I want to learn about animals.
Which animal do you like most?
> cat
Wonderful! I've learned so much about animals!
Let's play a game!
You think of an animal, and I guess it.
Press enter when you're ready.
> 
Is it a cat?
> nO
I give up. What animal do you have in mind?
Hi, night owl!

I want to learn about animals.
Which animal do you like most?
> cat
Wonderful! I've learned so much about animals!
Let's play a game!
You think of an animal, and I guess it.
Press enter when you're ready.
> 
Is it a cat?
> NO
I give up. What animal do you have in mind?
Hi, night owl!

I want to learn about animals.
Which animal do you like most?
> cat
Wonderful! I've learned so much about animals!
Let's play a game!
You think of an animal, and I guess it.
Press enter when you're ready.
> 
Is it a cat?
> No
I give up. What animal do you have in mind?
Hi, night owl!

I want to learn about animals.
Which animal do you like most?
> cat
Wonderful! I've learned so much about animals!
Let's play a game!
You think of an animal, and I guess it.
Press enter when you're ready.
> 
Is it a cat?
> no.
I give up. What animal do you have in mind?
Hi, night owl!

I want to learn about animals.
Which animal do you like most?
> cat
Wonderful! I've learned so much about animals!
Let's play a game!
You think of an animal, and I guess it.
Press enter when you're ready.
> 
Is it a cat?
> no!
I give up. What animal do you have in mind?
Hi, night owl!

I want to learn about animals.
Which animal do you like most?
> cat
Wonderful! I've learned so much about animals!
Let's play a game!
You think of an animal, and I guess it.
Press enter when you're ready.
> 
Is it a cat?
> No!
I give up. What animal do you have in mind?
Hi, night owl!

I want to learn about animals.
Which animal do you like most?
> cat
Wonderful! I've learned so much about animals!
Let's play a game!
You think of an animal, and I guess it.
Press enter when you're ready.
> 
Is it a cat?
> NO!
I give up. What animal do you have in mind?
Hi, night owl!

I want to learn about animals.
Which animal do you like most?
> cat
Wonderful! I've learned so much about animals!
Let's play a game!
You think of an animal, and I guess it.
Press enter when you're ready.
> 
Is it a cat?
> no way
I give up. What animal do you have in mind?
Hi, night owl!

I want to learn about animals.
Which animal do you like most?
> cat
Wonderful! I've learned so much about animals!
Let's play a game!
You think of an animal, and I guess it.
Press enter when you're ready.
> 
Is it a cat?
> no way!
I give up. What animal do you have in mind?
Hi, night owl!

I want to learn about animals.
Which animal do you like most?
> cat
Wonderful! I've learned so much about animals!
Let's play a game!
You think of an animal, and I guess it.
Press enter when you're ready.
> 
Is it a cat?
> No Way!
I give up. What animal do you have in mind?
Hi, night owl!

I want to learn about animals.
Which animal do you like most?
> cat
Wonderful! I've learned so much about animals!
Let's play a game!
You think of an animal, and I guess it.
Press enter when you're ready.
> 
Is it a cat?
> NO WAY!
I give up. What animal do you have in mind?
Hi, night owl!

I want to learn about animals.
Which animal do you like most?
> cat
Wonderful! I've learned so much about animals!
Let's play a game!
You think of an animal, and I guess it.
Press enter when you're ready.
> 
Is it a cat?
> no waY.
I give up. What animal do you have in mind?
Hi, night owl!

I want to learn about animals.
Which animal do you like most?
> cat
Wonderful! I've learned so much about animals!
Let's play a game!
You think of an animal, and I guess it.
Press enter when you're ready.
> 
Is it a cat?
> nah
I give up. What animal do you have in mind?
Hi, night owl!

I want to learn about animals.
Which animal do you like most?
> cat
Wonderful! I've learned so much about animals!
Let's play a game!
You think of an animal, and I guess it.
Press enter when you're ready.
> 
Is it a cat?
> Nah.
I give up. What animal do you have in mind?
Hi, night owl!

I want to learn about animals.
Which animal do you like most?
> cat
Wonderful! I've learned so much about animals!
Let's play a game!
You think of an animal, and I guess it.
Press enter when you're ready.
> 
Is it a cat?
> NAH!
I give up. What animal do you have in mind?
Hi, night owl!

I want to learn about animals.
Which animal do you like most?
> cat
Wonderful! I've learned so much about animals!
Let's play a game!
You think of an animal, and I guess it.
Press enter when you're ready.
> 
Is it a cat?
> naH
I give up. What animal do you have in mind?
Hi, night owl!

I want to learn about animals.
Which animal do you like most?
> cat
Wonderful! I've learned so much about animals!
Let's play a game!
You think of an animal, and I guess it.
Press enter when you're ready.
> 
Is it a cat?
> nope
I give up. What animal do you have in mind?
Hi, night owl!

I want to learn about animals.
Which animal do you like most?
> cat
Wonderful! I've learned so much about animals!
Let's play a game!
You think of an animal, and I guess it.
Press enter when you're ready.
> 
Is it a cat?
> NoPe!
I give up. What animal do you have in mind?
Hi, night owl!

I want to learn about animals.
Which animal do you like most?
> cat
Wonderful! I've learned so much about animals!
Let's play a game!
You think of an animal, and I guess it.
Press enter when you're ready.
> 
Is it a cat?
> NOPE.
I give up. What animal do you have in mind?
Hi, night owl!

I want to learn about animals.
Which animal do you like most?
> cat
Wonderful! I've learned so much about animals!
Let's play a game!
You think of an animal, and I guess it.
Press enter when you're ready.
> 
Is it a cat?
> negative
I give up. What animal do you have in mind?
Hi, night owl!

I want to learn about animals.
Which animal do you like most?
> cat
Wonderful! I've learned so much about animals!
Let's play a game!
You think of an animal, and I guess it.
Press enter when you're ready.
> 
Is it a cat?
> Negative.
I give up. What animal do you have in mind?
Hi, night owl!

I want to learn about animals.
Which animal do you like most?
> cat
Wonderful! I've learned so much about animals!
Let's play a game!
You think of an animal, and I guess it.
Press enter when you're ready.
> 
Is it a cat?
> i don't think so
I give up. What animal do you have in mind?
Hi, night owl!

I want to learn about animals.
Which animal do you like most?
> cat
Wonderful! I've learned so much about animals!
Let's play a game!
You think of an animal, and I guess it.
Press enter when you're ready.
> 
Is it a cat?
> I don't think so
I give up. What animal do you have in mind?
Hi, night owl!

I want to learn about animals.
Which animal do you like most?
> cat
Wonderful! I've learned so much about animals!
Let's play a game!
You think of an animal, and I guess it.
Press enter when you're ready.
> 
Is it a cat?
> I don't think so.
I give up. What animal do you have in mind?
Hi, night owl!

I want to learn about animals.
Which animal do you like most?
> cat
Wonderful! I've learned so much about animals!
Let's play a game!
You think of an animal, and I guess it.
Press enter when you're ready.
> 
Is it a cat?
> I don't Think SO.
I give up. What animal do you have in mind?
Hi, night owl!

I want to learn about animals.
Which animal do you like most?
> cat
Wonderful! I've learned so much about animals!
Let's play a game!
You think of an animal, and I guess it.
Press enter when you're ready.
> 
Is it a cat?
> yeah no
I give up. What animal do you have in mind?
Hi, night owl!

I want to learn about animals.
Which animal do you like most?
> cat
Wonderful! I've learned so much about animals!
Let's play a game!
You think of an animal, and I guess it.
Press enter when you're ready.
> 
Is it a cat?
> yeah no.
I give up. What animal do you have in mind?
Hi, night owl!

I want to learn about animals.
Which animal do you like most?
> cat
Wonderful! I've learned so much about animals!
Let's play a game!
You think of an animal, and I guess it.
Press enter when you're ready.
> 
Is it a cat?
> yeah no!
I give up. What animal do you have in mind?
Hi, night owl!

I want to learn about animals.
Which animal do you like most?
> cat
Wonderful! I've learned so much about animals!
Let's play a game!
You think of an animal, and I guess it.
Press enter when you're ready.
> 
Is it a cat?
> yeah NO!
I give up. What animal do you have in mind?
?[1;31m
Start test 4?[0m
Scenario 'unclear-answers' is started.

Hi, night owl!

I want to learn about animals.
Which animal do you like most?
> cat
Wonderful! I've learned so much about animals!
Let's play a game!
You think of an animal, and I guess it.
Press enter when you're ready.
> 
Is it a cat?
> y..
Could you please simply say yes or no?
Hi, night owl!

I want to learn about animals.
Which animal do you like most?
> cat
Wonderful! I've learned so much about animals!
Let's play a game!
You think of an animal, and I guess it.
Press enter when you're ready.
> 
Is it a cat?
> Y!.
Could you please simply say yes or no?
Hi, night owl!

I want to learn about animals.
Which animal do you like most?
> cat
Wonderful! I've learned so much about animals!
Let's play a game!
You think of an animal, and I guess it.
Press enter when you're ready.
> 
Is it a cat?
> ye
Funny, I still don't understand, is it yes or no?
Hi, night owl!

I want to learn about animals.
Which animal do you like most?
> cat
Wonderful! I've learned so much about animals!
Let's play a game!
You think of an animal, and I guess it.
Press enter when you're ready.
> 
Is it a cat?
> jes
Funny, I still don't understand, is it yes or no?
Hi, night owl!

I want to learn about animals.
Which animal do you like most?
> cat
Wonderful! I've learned so much about animals!
Let's play a game!
You think of an animal, and I guess it.
Press enter when you're ready.
> 
Is it a cat?
> Jes
Could you please simply say yes or no?
Hi, night owl!

I want to learn about animals.
Which animal do you like most?
> cat
Wonderful! I've learned so much about animals!
Let's play a game!
You think of an animal, and I guess it.
Press enter when you're ready.
> 
Is it a cat?
> yes...
Could you please simply say yes or no?
Hi, night owl!

I want to learn about animals.
Which animal do you like most?
> cat
Wonderful! I've learned so much about animals!
Let's play a game!
You think of an animal, and I guess it.
Press enter when you're ready.
> 
Is it a cat?
> да
Oh, it's too complicated for me: just tell me yes or no.
Hi, night owl!

I want to learn about animals.
Which animal do you like most?
> cat
Wonderful! I've learned so much about animals!
Let's play a game!
You think of an animal, and I guess it.
Press enter when you're ready.
> 
Is it a cat?
> Так
Oh, it's too complicated for me: just tell me yes or no.
Hi, night owl!

I want to learn about animals.
Which animal do you like most?
> cat
Wonderful! I've learned so much about animals!
Let's play a game!
You think of an animal, and I guess it.
Press enter when you're ready.
> 
Is it a cat?
> yes, yes
I'm not sure I caught you: was it yes or no?
Hi, night owl!

I want to learn about animals.
Which animal do you like most?
> cat
Wonderful! I've learned so much about animals!
Let's play a game!
You think of an animal, and I guess it.
Press enter when you're ready.
> 
Is it a cat?
> Yea
Oh, it's too complicated for me: just tell me yes or no.
Hi, night owl!

I want to learn about animals.
Which animal do you like most?
> cat
Wonderful! I've learned so much about animals!
Let's play a game!
You think of an animal, and I guess it.
Press enter when you're ready.
> 
Is it a cat?
> Ja
Oh, it's too complicated for me: just tell me yes or no.
Hi, night owl!

I want to learn about animals.
Which animal do you like most?
> cat
Wonderful! I've learned so much about animals!
Let's play a game!
You think of an animal, and I guess it.
Press enter when you're ready.
> 
Is it a cat?
> Jawohl!
Oh, no, don't try to confuse me: say yes or no.
Hi, night owl!

I want to learn about animals.
Which animal do you like most?
> cat
Wonderful! I've learned so much about animals!
Let's play a game!
You think of an animal, and I guess it.
Press enter when you're ready.
> 
Is it a cat?
> ja natürlich!
I'm not sure I caught you: was it yes or no?
Hi, night owl!

I want to learn about animals.
Which animal do you like most?
> cat
Wonderful! I've learned so much about animals!
Let's play a game!
You think of an animal, and I guess it.
Press enter when you're ready.
> 
Is it a cat?
> so genau
Oh, no, don't try to confuse me: say yes or no.
Hi, night owl!

I want to learn about animals.
Which animal do you like most?
> cat
Wonderful! I've learned so much about animals!
Let's play a game!
You think of an animal, and I guess it.
Press enter when you're ready.
> 
Is it a cat?
> 1
Oh, it's too complicated for me: just tell me yes or no.
Hi, night owl!

I want to learn about animals.
Which animal do you like most?
> cat
Wonderful! I've learned so much about animals!
Let's play a game!
You think of an animal, and I guess it.
Press enter when you're ready.
> 
Is it a cat?
> +
Oh, no, don't try to confuse me: say yes or no.
Hi, night owl!

I want to learn about animals.
Which animal do you like most?
> cat
Wonderful! I've learned so much about animals!
Let's play a game!
You think of an animal, and I guess it.
Press enter when you're ready.
> 
Is it a cat?
> yepi
Oh, no, don't try to confuse me: say yes or no.
Hi, night owl!

I want to learn about animals.
Which animal do you like most?
> cat
Wonderful! I've learned so much about animals!
Let's play a game!
You think of an animal, and I guess it.
Press enter when you're ready.
> 
Is it a cat?
> Yep!!
Oh, it's too complicated for me: just tell me yes or no.
Hi, night owl!

I want to learn about animals.
Which animal do you like most?
> cat
Wonderful! I've learned so much about animals!
Let's play a game!
You think of an animal, and I guess it.
Press enter when you're ready.
> 
Is it a cat?
> Yes, sure!
I'm not sure I caught you: was it yes or no?
Hi, night owl!

I want to learn about animals.
Which animal do you like most?
> cat
Wonderful! I've learned so much about animals!
Let's play a game!
You think of an animal, and I guess it.
Press enter when you're ready.
> 
Is it a cat?
> Ok
Oh, it's too complicated for me: just tell me yes or no.
Hi, night owl!

I want to learn about animals.
Which animal do you like most?
> cat
Wonderful! I've learned so much about animals!
Let's play a game!
You think of an animal, and I guess it.
Press enter when you're ready.
> 
Is it a cat?
> Rights
Funny, I still don't understand, is it yes or no?
Hi, night owl!

I want to learn about animals.
Which animal do you like most?
> cat
Wonderful! I've learned so much about animals!
Let's play a game!
You think of an animal, and I guess it.
Press enter when you're ready.
> 
Is it a cat?
> affErmative
Funny, I still don't understand, is it yes or no?
Hi, night owl!

I want to learn about animals.
Which animal do you like most?
> cat
Wonderful! I've learned so much about animals!
Let's play a game!
You think of an animal, and I guess it.
Press enter when you're ready.
> 
Is it a cat?
> n..
Funny, I still don't understand, is it yes or no?
Hi, night owl!

I want to learn about animals.
Which animal do you like most?
> cat
Wonderful! I've learned so much about animals!
Let's play a game!
You think of an animal, and I guess it.
Press enter when you're ready.
> 
Is it a cat?
> N!!
Could you please simply say yes or no?
Hi, night owl!

I want to learn about animals.
Which animal do you like most?
> cat
Wonderful! I've learned so much about animals!
Let's play a game!
You think of an animal, and I guess it.
Press enter when you're ready.
> 
Is it a cat?
> nea
Oh, it's too complicated for me: just tell me yes or no.
Hi, night owl!

I want to learn about animals.
Which animal do you like most?
> cat
Wonderful! I've learned so much about animals!
Let's play a game!
You think of an animal, and I guess it.
Press enter when you're ready.
> 
Is it a cat?
> nop
Oh, no, don't try to confuse me: say yes or no.
Hi, night owl!

I want to learn about animals.
Which animal do you like most?
> cat
Wonderful! I've learned so much about animals!
Let's play a game!
You think of an animal, and I guess it.
Press enter when you're ready.
> 
Is it a cat?
> noppi
Oh, it's too complicated for me: just tell me yes or no.
Hi, night owl!

I want to learn about animals.
Which animal do you like most?
> cat
Wonderful! I've learned so much about animals!
Let's play a game!
You think of an animal, and I guess it.
Press enter when you're ready.
> 
Is it a cat?
> no wa
Oh, it's too complicated for me: just tell me yes or no.
Hi, night owl!

I want to learn about animals.
Which animal do you like most?
> cat
Wonderful! I've learned so much about animals!
Let's play a game!
You think of an animal, and I guess it.
Press enter when you're ready.
> 
Is it a cat?
> no way!!!
Funny, I still don't understand, is it yes or no?
Hi, night owl!

I want to learn about animals.
Which animal do you like most?
> cat
Wonderful! I've learned so much about animals!
Let's play a game!
You think of an animal, and I guess it.
Press enter when you're ready.
> 
Is it a cat?
> na
I'm not sure I caught you: was it yes or no?
Hi, night owl!

I want to learn about animals.
Which animal do you like most?
> cat
Wonderful! I've learned so much about animals!
Let's play a game!
You think of an animal, and I guess it.
Press enter when you're ready.
> 
Is it a cat?
> nahi
I'm not sure I caught you: was it yes or no?
Hi, night owl!

I want to learn about animals.
Which animal do you like most?
> cat
Wonderful! I've learned so much about animals!
Let's play a game!
You think of an animal, and I guess it.
Press enter when you're ready.
> 
Is it a cat?
> nega
Oh, no, don't try to confuse me: say yes or no.
Hi, night owl!

I want to learn about animals.
Which animal do you like most?
> cat
Wonderful! I've learned so much about animals!
Let's play a game!
You think of an animal, and I guess it.
Press enter when you're ready.
> 
Is it a cat?
> negat
Could you please simply say yes or no?
Hi, night owl!

I want to learn about animals.
Which animal do you like most?
> cat
Wonderful! I've learned so much about animals!
Let's play a game!
You think of an animal, and I guess it.
Press enter when you're ready.
> 
Is it a cat?
> negati
Could you please simply say yes or no?
Hi, night owl!

I want to learn about animals.
Which animal do you like most?
> cat
Wonderful! I've learned so much about animals!
Let's play a game!
You think of an animal, and I guess it.
Press enter when you're ready.
> 
Is it a cat?
> negativ
I'm not sure I caught you: was it yes or no?
Hi, night owl!

I want to learn about animals.
Which animal do you like most?
> cat
Wonderful! I've learned so much about animals!
Let's play a game!
You think of an animal, and I guess it.
Press enter when you're ready.
> 
Is it a cat?
> i don't think..
I'm not sure I caught you: was it yes or no?
Hi, night owl!

I want to learn about animals.
Which animal do you like most?
> cat
Wonderful! I've learned so much about animals!
Let's play a game!
You think of an animal, and I guess it.
Press enter when you're ready.
> 
Is it a cat?
> i don't
Oh, it's too complicated for me: just tell me yes or no.
Hi, night owl!

I want to learn about animals.
Which animal do you like most?
> cat
Wonderful! I've learned so much about animals!
Let's play a game!
You think of an animal, and I guess it.
Press enter when you're ready.
> 
Is it a cat?
> i
I'm not sure I caught you: was it yes or no?
Hi, night owl!

I want to learn about animals.
Which animal do you like most?
> cat
Wonderful! I've learned so much about animals!
Let's play a game!
You think of an animal, and I guess it.
Press enter when you're ready.
> 
Is it a cat?
> I no
Oh, no, don't try to confuse me: say yes or no.
Hi, night owl!

I want to learn about animals.
Which animal do you like most?
> cat
Wonderful! I've learned so much about animals!
Let's play a game!
You think of an animal, and I guess it.
Press enter when you're ready.
> 
Is it a cat?
> i don't think so...
I'm not sure I caught you: was it yes or no?
Hi, night owl!

I want to learn about animals.
Which animal do you like most?
> cat
Wonderful! I've learned so much about animals!
Let's play a game!
You think of an animal, and I guess it.
Press enter when you're ready.
> 
Is it a cat?
> null
Could you please simply say yes or no?
?[1;31m
Start test 5?[0m
Scenario 'guessing-game' is started.

Hi, night owl!

I want to learn about animals.
Which animal do you like most?
> cat
Wonderful! I've learned so much about animals!
Let's play a game!
You think of an animal, and I guess it.
Press enter when you're ready.
> 
Is it a cat?
> No
I give up. What animal do you have in mind?
> dog
Specify a fact that distinguishes a cat from a dog.
The sentence should be of the format: 'It can/has/is ...'.
> it can climb trees
Is the statement correct for a dog?
> no
I have learned the following facts about animals:
- The cat can climb trees.
- The dog can't climb trees.
I can distinguish these animals by asking the question:
- Can it climb trees?
Wonderful! I've learned so much about animals!

Would you like to play again?
> yes
Ow yes!

You think of an animal, and I guess it.
Press enter when you're ready.
> 
Can it climb trees?
> yes
Is it a cat?
> no
I give up. What animal do you have in mind?
> lynx
Specify a fact that distinguishes a cat from a lynx.
The sentence should be of the format: 'It can/has/is ...'.
> it has tassels on his ears
Is the statement correct for a lynx?
> yes
I have learned the following facts about animals:
- The cat doesn't have tassels on his ears.
- The lynx has tassels on his ears.
I can distinguish these animals by asking the question:
- Does it have tassels on his ears?
Wonderful! I've learned so much about animals!

Would you like to play again?
> yes
Ow yes!

You think of an animal, and I guess it.
Press enter when you're ready.
> 
Can it climb trees?
> no
Is it a dog?
> no
I give up. What animal do you have in mind?
> wolf
Specify a fact that distinguishes a dog from a wolf.
The sentence should be of the format: 'It can/has/is ...'.
> it is living in the forest
Is the statement correct for a wolf?
> yes
I have learned the following facts about animals:
- The dog isn't living in the forest.
- The wolf is living in the forest.
I can distinguish these animals by asking the question:
- Is it living in the forest?
Wonderful! I've learned so much about animals!

Would you like to play again?
> yes
Ow yes!

You think of an animal, and I guess it.
Press enter when you're ready.
> 
Can it climb trees?
> yes
Does it have tassels on his ears?
> yes
Is it a lynx?
> yes
I won!

Would you like to play again?
> no

Au revoir
Hi, night owl!

I want to learn about animals.
Which animal do you like most?
> cat
Wonderful! I've learned so much about animals!
Let's play a game!
You think of an animal, and I guess it.
Press enter when you're ready.
> 
Is it a cat?
> No
I give up. What animal do you have in mind?
> dog
Specify a fact that distinguishes a cat from a dog.
The sentence should be of the format: 'It can/has/is ...'.
> it can climb trees
Is the statement correct for a dog?
> no
I have learned the following facts about animals:
- The cat can climb trees.
- The dog can't climb trees.
I can distinguish these animals by asking the question:
- Can it climb trees?
Wonderful! I've learned so much about animals!

Would you like to play again?
> yes
Ow yes!

You think of an animal, and I guess it.
Press enter when you're ready.
> 
Can it climb trees?
> yes
Is it a cat?
> no
I give up. What animal do you have in mind?
> lynx
Specify a fact that distinguishes a cat from a lynx.
The sentence should be of the format: 'It can/has/is ...'.
> it has tassels on his ears
Is the statement correct for a lynx?
> yes
I have learned the following facts about animals:
- The cat doesn't have tassels on his ears.
- The lynx has tassels on his ears.
I can distinguish these animals by asking the question:
- Does it have tassels on his ears?
Wonderful! I've learned so much about animals!

Would you like to play again?
> yes
Ow yes!

You think of an animal, and I guess it.
Press enter when you're ready.
> 
Can it climb trees?
> no
Is it a dog?
> no
I give up. What animal do you have in mind?
> wolf
Specify a fact that distinguishes a dog from a wolf.
The sentence should be of the format: 'It can/has/is ...'.
> it is living in the forest
Is the statement correct for a wolf?
> yes
I have learned the following facts about animals:
- The dog isn't living in the forest.
- The wolf is living in the forest.
I can distinguish these animals by asking the question:
- Is it living in the forest?
Wonderful! I've learned so much about animals!

Would you like to play again?
> yes
Ow yes!

You think of an animal, and I guess it.
Press enter when you're ready.
> 
Can it climb trees?
> yes
Does it have tassels on his ears?
> no
Is it a cat?
> yes
I won!

Would you like to play again?
> no

See you soon!
Hi, night owl!

I want to learn about animals.
Which animal do you like most?
> cat
Wonderful! I've learned so much about animals!
Let's play a game!
You think of an animal, and I guess it.
Press enter when you're ready.
> 
Is it a cat?
> No
I give up. What animal do you have in mind?
> dog
Specify a fact that distinguishes a cat from a dog.
The sentence should be of the format: 'It can/has/is ...'.
> it can climb trees
Is the statement correct for a dog?
> no
I have learned the following facts about animals:
- The cat can climb trees.
- The dog can't climb trees.
I can distinguish these animals by asking the question:
- Can it climb trees?
Wonderful! I've learned so much about animals!

Would you like to play again?
> yes
Ow yes!

You think of an animal, and I guess it.
Press enter when you're ready.
> 
Can it climb trees?
> yes
Is it a cat?
> no
I give up. What animal do you have in mind?
> lynx
Specify a fact that distinguishes a cat from a lynx.
The sentence should be of the format: 'It can/has/is ...'.
> it has tassels on his ears
Is the statement correct for a lynx?
> yes
I have learned the following facts about animals:
- The cat doesn't have tassels on his ears.
- The lynx has tassels on his ears.
I can distinguish these animals by asking the question:
- Does it have tassels on his ears?
Wonderful! I've learned so much about animals!

Would you like to play again?
> yes
Ow yes!

You think of an animal, and I guess it.
Press enter when you're ready.
> 
Can it climb trees?
> no
Is it a dog?
> no
I give up. What animal do you have in mind?
> wolf
Specify a fact that distinguishes a dog from a wolf.
The sentence should be of the format: 'It can/has/is ...'.
> it is living in the forest
Is the statement correct for a wolf?
> yes
I have learned the following facts about animals:
- The dog isn't living in the forest.
- The wolf is living in the forest.
I can distinguish these animals by asking the question:
- Is it living in the forest?
Wonderful! I've learned so much about animals!

Would you like to play again?
> yes
Ow yes!

You think of an animal, and I guess it.
Press enter when you're ready.
> 
Can it climb trees?
> no
Is it living in the forest?
> yes
Is it a wolf?
> yes
I won!

Would you like to play again?
> no

See you the next time
Hi, night owl!

I want to learn about animals.
Which animal do you like most?
> cat
Wonderful! I've learned so much about animals!
Let's play a game!
You think of an animal, and I guess it.
Press enter when you're ready.
> 
Is it a cat?
> No
I give up. What animal do you have in mind?
> dog
Specify a fact that distinguishes a cat from a dog.
The sentence should be of the format: 'It can/has/is ...'.
> it can climb trees
Is the statement correct for a dog?
> no
I have learned the following facts about animals:
- The cat can climb trees.
- The dog can't climb trees.
I can distinguish these animals by asking the question:
- Can it climb trees?
Wonderful! I've learned so much about animals!

Would you like to play again?
> yes
Ow yes!

You think of an animal, and I guess it.
Press enter when you're ready.
> 
Can it climb trees?
> yes
Is it a cat?
> no
I give up. What animal do you have in mind?
> lynx
Specify a fact that distinguishes a cat from a lynx.
The sentence should be of the format: 'It can/has/is ...'.
> it has tassels on his ears
Is the statement correct for a lynx?
> yes
I have learned the following facts about animals:
- The cat doesn't have tassels on his ears.
- The lynx has tassels on his ears.
I can distinguish these animals by asking the question:
- Does it have tassels on his ears?
Wonderful! I've learned so much about animals!

Would you like to play again?
> yes
Ow yes!

You think of an animal, and I guess it.
Press enter when you're ready.
> 
Can it climb trees?
> no
Is it a dog?
> no
I give up. What animal do you have in mind?
> wolf
Specify a fact that distinguishes a dog from a wolf.
The sentence should be of the format: 'It can/has/is ...'.
> it is living in the forest
Is the statement correct for a wolf?
> yes
I have learned the following facts about animals:
- The dog isn't living in the forest.
- The wolf is living in the forest.
I can distinguish these animals by asking the question:
- Is it living in the forest?
Wonderful! I've learned so much about animals!

Would you like to play again?
> yes
Ow yes!

You think of an animal, and I guess it.
Press enter when you're ready.
> 
Can it climb trees?
> no
Is it living in the forest?
> no
Is it a dog?
> yes
I won!

Would you like to play again?
> no

Arrivederci
]]></system-out>
  <system-err><![CDATA[]]></system-err>
</testsuite>
